Analysis & Synthesis report for Aula7
Wed May 03 11:17:15 2023
Quartus Prime Version 20.1.0 Build 711 06/05/2020 SJ Lite Edition


---------------------
; Table of Contents ;
---------------------
  1. Legal Notice
  2. Analysis & Synthesis Summary
  3. Analysis & Synthesis Settings
  4. Parallel Compilation
  5. Analysis & Synthesis Source Files Read
  6. Analysis & Synthesis Resource Usage Summary
  7. Analysis & Synthesis Resource Utilization by Entity
  8. General Register Statistics
  9. Multiplexer Restructuring Statistics (Restructuring Performed)
 10. Parameter Settings for User Entity Instance: Top-level Entity: |Aula7
 11. Parameter Settings for User Entity Instance: divisorGenerico:divisor
 12. Parameter Settings for User Entity Instance: CPU:CPU
 13. Parameter Settings for User Entity Instance: CPU:CPU|muxGenerico2x1:MUX1
 14. Parameter Settings for User Entity Instance: CPU:CPU|muxGenerico4x1:MUX2
 15. Parameter Settings for User Entity Instance: CPU:CPU|registradorGenerico:REGA
 16. Parameter Settings for User Entity Instance: CPU:CPU|registradorGenerico:REGRetorno
 17. Parameter Settings for User Entity Instance: CPU:CPU|registradorBooleano:REGFlag
 18. Parameter Settings for User Entity Instance: CPU:CPU|registradorGenerico:PC
 19. Parameter Settings for User Entity Instance: CPU:CPU|somaConstante:incrementaPC
 20. Parameter Settings for User Entity Instance: CPU:CPU|logicDesvio:logicaDesvio
 21. Parameter Settings for User Entity Instance: CPU:CPU|ULASomaSub:ULA1
 22. Parameter Settings for User Entity Instance: memoriaRAM:RAM
 23. Parameter Settings for User Entity Instance: memoriaROM:ROM1
 24. Parameter Settings for User Entity Instance: logicLEDS:LEDS
 25. Parameter Settings for User Entity Instance: logicLEDS:LEDS|registradorGenerico:LED_COMBO
 26. Parameter Settings for User Entity Instance: logicLEDS:LEDS|registradorBooleano:LEDR8
 27. Parameter Settings for User Entity Instance: logicLEDS:LEDS|registradorBooleano:LEDR9
 28. Parameter Settings for User Entity Instance: logicSW:SWS
 29. Parameter Settings for User Entity Instance: logicDisplays:DISPLAYS
 30. Parameter Settings for User Entity Instance: logicDisplays:DISPLAYS|registradorGenerico:REG_HEX0
 31. Parameter Settings for User Entity Instance: logicDisplays:DISPLAYS|registradorGenerico:REG_HEX1
 32. Parameter Settings for User Entity Instance: logicDisplays:DISPLAYS|registradorGenerico:REG_HEX2
 33. Parameter Settings for User Entity Instance: logicDisplays:DISPLAYS|registradorGenerico:REG_HEX3
 34. Parameter Settings for User Entity Instance: logicDisplays:DISPLAYS|registradorGenerico:REG_HEX4
 35. Parameter Settings for User Entity Instance: logicDisplays:DISPLAYS|registradorGenerico:REG_HEX5
 36. Parameter Settings for User Entity Instance: logicKeys:KEYS
 37. Parameter Settings for User Entity Instance: logicKeys:KEYS|registradorBooleano:FF_KEY0
 38. Parameter Settings for User Entity Instance: logicKeys:KEYS|registradorBooleano:FF_KEY1
 39. Parameter Settings for User Entity Instance: logicKeys:KEYS|registradorBooleano:FF_RST_FPGA
 40. Port Connectivity Checks: "logicKeys:KEYS|registradorBooleano:FF_RST_FPGA"
 41. Port Connectivity Checks: "logicKeys:KEYS|registradorBooleano:FF_KEY1"
 42. Port Connectivity Checks: "logicKeys:KEYS|registradorBooleano:FF_KEY0"
 43. Port Connectivity Checks: "logicDisplays:DISPLAYS|conversorHex7Seg:CONV_HEX5"
 44. Port Connectivity Checks: "logicDisplays:DISPLAYS|conversorHex7Seg:CONV_HEX4"
 45. Port Connectivity Checks: "logicDisplays:DISPLAYS|conversorHex7Seg:CONV_HEX3"
 46. Port Connectivity Checks: "logicDisplays:DISPLAYS|conversorHex7Seg:CONV_HEX2"
 47. Port Connectivity Checks: "logicDisplays:DISPLAYS|conversorHex7Seg:CONV_HEX1"
 48. Port Connectivity Checks: "logicDisplays:DISPLAYS|conversorHex7Seg:CONV_HEX0"
 49. Port Connectivity Checks: "logicDisplays:DISPLAYS|registradorGenerico:REG_HEX5"
 50. Port Connectivity Checks: "logicDisplays:DISPLAYS|registradorGenerico:REG_HEX4"
 51. Port Connectivity Checks: "logicDisplays:DISPLAYS|registradorGenerico:REG_HEX3"
 52. Port Connectivity Checks: "logicDisplays:DISPLAYS|registradorGenerico:REG_HEX2"
 53. Port Connectivity Checks: "logicDisplays:DISPLAYS|registradorGenerico:REG_HEX1"
 54. Port Connectivity Checks: "logicDisplays:DISPLAYS|registradorGenerico:REG_HEX0"
 55. Port Connectivity Checks: "logicDisplays:DISPLAYS"
 56. Port Connectivity Checks: "logicSW:SWS"
 57. Port Connectivity Checks: "logicLEDS:LEDS|registradorBooleano:LEDR9"
 58. Port Connectivity Checks: "logicLEDS:LEDS|registradorBooleano:LEDR8"
 59. Port Connectivity Checks: "logicLEDS:LEDS|registradorGenerico:LED_COMBO"
 60. Port Connectivity Checks: "decoder3x8:DECODER2"
 61. Port Connectivity Checks: "decoder3x8:DECODER1"
 62. Port Connectivity Checks: "CPU:CPU|registradorGenerico:PC"
 63. Port Connectivity Checks: "CPU:CPU|registradorBooleano:REGFlag"
 64. Port Connectivity Checks: "CPU:CPU|registradorGenerico:REGRetorno"
 65. Post-Synthesis Netlist Statistics for Top Partition
 66. Elapsed Time Per Partition
 67. Analysis & Synthesis Messages



----------------
; Legal Notice ;
----------------
Copyright (C) 2020  Intel Corporation. All rights reserved.
Your use of Intel Corporation's design tools, logic functions 
and other software and tools, and any partner logic 
functions, and any output files from any of the foregoing 
(including device programming or simulation files), and any 
associated documentation or information are expressly subject 
to the terms and conditions of the Intel Program License 
Subscription Agreement, the Intel Quartus Prime License Agreement,
the Intel FPGA IP License Agreement, or other applicable license
agreement, including, without limitation, that your use is for
the sole purpose of programming logic devices manufactured by
Intel and sold by Intel or its authorized distributors.  Please
refer to the applicable agreement for further details, at
https://fpgasoftware.intel.com/eula.



+-------------------------------------------------------------------------------+
; Analysis & Synthesis Summary                                                  ;
+---------------------------------+---------------------------------------------+
; Analysis & Synthesis Status     ; Successful - Wed May 03 11:17:15 2023       ;
; Quartus Prime Version           ; 20.1.0 Build 711 06/05/2020 SJ Lite Edition ;
; Revision Name                   ; Aula7                                       ;
; Top-level Entity Name           ; Aula7                                       ;
; Family                          ; Cyclone V                                   ;
; Logic utilization (in ALMs)     ; N/A                                         ;
; Total registers                 ; 590                                         ;
; Total pins                      ; 110                                         ;
; Total virtual pins              ; 0                                           ;
; Total block memory bits         ; 0                                           ;
; Total DSP Blocks                ; 0                                           ;
; Total HSSI RX PCSs              ; 0                                           ;
; Total HSSI PMA RX Deserializers ; 0                                           ;
; Total HSSI TX PCSs              ; 0                                           ;
; Total HSSI PMA TX Serializers   ; 0                                           ;
; Total PLLs                      ; 0                                           ;
; Total DLLs                      ; 0                                           ;
+---------------------------------+---------------------------------------------+


+---------------------------------------------------------------------------------------------------------------------------+
; Analysis & Synthesis Settings                                                                                             ;
+---------------------------------------------------------------------------------+--------------------+--------------------+
; Option                                                                          ; Setting            ; Default Value      ;
+---------------------------------------------------------------------------------+--------------------+--------------------+
; Device                                                                          ; 5CEBA4F23C7        ;                    ;
; Top-level entity name                                                           ; Aula7              ; Aula7              ;
; Family name                                                                     ; Cyclone V          ; Cyclone V          ;
; Maximum processors allowed for parallel compilation                             ; All                ;                    ;
; VHDL Show LMF Mapping Messages                                                  ; Off                ;                    ;
; VHDL Version                                                                    ; VHDL_2008          ; VHDL_1993          ;
; Use smart compilation                                                           ; Off                ; Off                ;
; Enable parallel Assembler and Timing Analyzer during compilation                ; On                 ; On                 ;
; Enable compact report table                                                     ; Off                ; Off                ;
; Restructure Multiplexers                                                        ; Auto               ; Auto               ;
; MLAB Add Timing Constraints For Mixed-Port Feed-Through Mode Setting Don't Care ; Off                ; Off                ;
; Create Debugging Nodes for IP Cores                                             ; Off                ; Off                ;
; Preserve fewer node names                                                       ; On                 ; On                 ;
; Intel FPGA IP Evaluation Mode                                                   ; Enable             ; Enable             ;
; Verilog Version                                                                 ; Verilog_2001       ; Verilog_2001       ;
; State Machine Processing                                                        ; Auto               ; Auto               ;
; Safe State Machine                                                              ; Off                ; Off                ;
; Extract Verilog State Machines                                                  ; On                 ; On                 ;
; Extract VHDL State Machines                                                     ; On                 ; On                 ;
; Ignore Verilog initial constructs                                               ; Off                ; Off                ;
; Iteration limit for constant Verilog loops                                      ; 5000               ; 5000               ;
; Iteration limit for non-constant Verilog loops                                  ; 250                ; 250                ;
; Add Pass-Through Logic to Inferred RAMs                                         ; On                 ; On                 ;
; Infer RAMs from Raw Logic                                                       ; On                 ; On                 ;
; Parallel Synthesis                                                              ; On                 ; On                 ;
; DSP Block Balancing                                                             ; Auto               ; Auto               ;
; NOT Gate Push-Back                                                              ; On                 ; On                 ;
; Power-Up Don't Care                                                             ; On                 ; On                 ;
; Remove Redundant Logic Cells                                                    ; Off                ; Off                ;
; Remove Duplicate Registers                                                      ; On                 ; On                 ;
; Ignore CARRY Buffers                                                            ; Off                ; Off                ;
; Ignore CASCADE Buffers                                                          ; Off                ; Off                ;
; Ignore GLOBAL Buffers                                                           ; Off                ; Off                ;
; Ignore ROW GLOBAL Buffers                                                       ; Off                ; Off                ;
; Ignore LCELL Buffers                                                            ; Off                ; Off                ;
; Ignore SOFT Buffers                                                             ; On                 ; On                 ;
; Limit AHDL Integers to 32 Bits                                                  ; Off                ; Off                ;
; Optimization Technique                                                          ; Balanced           ; Balanced           ;
; Carry Chain Length                                                              ; 70                 ; 70                 ;
; Auto Carry Chains                                                               ; On                 ; On                 ;
; Auto Open-Drain Pins                                                            ; On                 ; On                 ;
; Perform WYSIWYG Primitive Resynthesis                                           ; Off                ; Off                ;
; Auto ROM Replacement                                                            ; On                 ; On                 ;
; Auto RAM Replacement                                                            ; On                 ; On                 ;
; Auto DSP Block Replacement                                                      ; On                 ; On                 ;
; Auto Shift Register Replacement                                                 ; Auto               ; Auto               ;
; Allow Shift Register Merging across Hierarchies                                 ; Auto               ; Auto               ;
; Auto Clock Enable Replacement                                                   ; On                 ; On                 ;
; Strict RAM Replacement                                                          ; Off                ; Off                ;
; Allow Synchronous Control Signals                                               ; On                 ; On                 ;
; Force Use of Synchronous Clear Signals                                          ; Off                ; Off                ;
; Auto Resource Sharing                                                           ; Off                ; Off                ;
; Allow Any RAM Size For Recognition                                              ; Off                ; Off                ;
; Allow Any ROM Size For Recognition                                              ; Off                ; Off                ;
; Allow Any Shift Register Size For Recognition                                   ; Off                ; Off                ;
; Use LogicLock Constraints during Resource Balancing                             ; On                 ; On                 ;
; Ignore translate_off and synthesis_off directives                               ; Off                ; Off                ;
; Timing-Driven Synthesis                                                         ; On                 ; On                 ;
; Report Parameter Settings                                                       ; On                 ; On                 ;
; Report Source Assignments                                                       ; On                 ; On                 ;
; Report Connectivity Checks                                                      ; On                 ; On                 ;
; Ignore Maximum Fan-Out Assignments                                              ; Off                ; Off                ;
; Synchronization Register Chain Length                                           ; 3                  ; 3                  ;
; Power Optimization During Synthesis                                             ; Normal compilation ; Normal compilation ;
; HDL message level                                                               ; Level2             ; Level2             ;
; Suppress Register Optimization Related Messages                                 ; Off                ; Off                ;
; Number of Removed Registers Reported in Synthesis Report                        ; 5000               ; 5000               ;
; Number of Swept Nodes Reported in Synthesis Report                              ; 5000               ; 5000               ;
; Number of Inverted Registers Reported in Synthesis Report                       ; 100                ; 100                ;
; Clock MUX Protection                                                            ; On                 ; On                 ;
; Auto Gated Clock Conversion                                                     ; Off                ; Off                ;
; Block Design Naming                                                             ; Auto               ; Auto               ;
; SDC constraint protection                                                       ; Off                ; Off                ;
; Synthesis Effort                                                                ; Auto               ; Auto               ;
; Shift Register Replacement - Allow Asynchronous Clear Signal                    ; On                 ; On                 ;
; Pre-Mapping Resynthesis Optimization                                            ; Off                ; Off                ;
; Analysis & Synthesis Message Level                                              ; Medium             ; Medium             ;
; Disable Register Merging Across Hierarchies                                     ; Auto               ; Auto               ;
; Resource Aware Inference For Block RAM                                          ; On                 ; On                 ;
; Automatic Parallel Synthesis                                                    ; On                 ; On                 ;
; Partial Reconfiguration Bitstream ID                                            ; Off                ; Off                ;
+---------------------------------------------------------------------------------+--------------------+--------------------+


+------------------------------------------+
; Parallel Compilation                     ;
+----------------------------+-------------+
; Processors                 ; Number      ;
+----------------------------+-------------+
; Number detected on machine ; 8           ;
; Maximum allowed            ; 4           ;
;                            ;             ;
; Average used               ; 1.00        ;
; Maximum used               ; 4           ;
;                            ;             ;
; Usage by Processor         ; % Time Used ;
;     Processor 1            ; 100.0%      ;
;     Processor 2            ;   0.0%      ;
;     Processor 3            ;   0.0%      ;
;     Processor 4            ;   0.0%      ;
+----------------------------+-------------+


+-----------------------------------------------------------------------------------------------------------------------------------------+
; Analysis & Synthesis Source Files Read                                                                                                  ;
+----------------------------------+-----------------+-----------------+--------------------------------------------------------+---------+
; File Name with User-Entered Path ; Used in Netlist ; File Type       ; File Name with Absolute Path                           ; Library ;
+----------------------------------+-----------------+-----------------+--------------------------------------------------------+---------+
; Aula7.vhd                        ; yes             ; User VHDL File  ; C:/DesComp/DesComp/Projeto1/Aula7.vhd                  ;         ;
; decoderInstru.vhd                ; yes             ; User VHDL File  ; C:/DesComp/DesComp/Projeto1/decoderInstru.vhd          ;         ;
; muxGenerico2x1.vhd               ; yes             ; User VHDL File  ; C:/DesComp/DesComp/Projeto1/muxGenerico2x1.vhd         ;         ;
; memoriaROM.vhd                   ; yes             ; User VHDL File  ; C:/DesComp/DesComp/Projeto1/memoriaROM.vhd             ;         ;
; memoriaRAM.vhd                   ; yes             ; User VHDL File  ; C:/DesComp/DesComp/Projeto1/memoriaRAM.vhd             ;         ;
; logicDesvio.vhd                  ; yes             ; User VHDL File  ; C:/DesComp/DesComp/Projeto1/logicDesvio.vhd            ;         ;
; edgeDetector.vhd                 ; yes             ; User VHDL File  ; C:/DesComp/DesComp/Projeto1/edgeDetector.vhd           ;         ;
; muxGenerico4x1.vhd               ; yes             ; User VHDL File  ; C:/DesComp/DesComp/Projeto1/muxGenerico4x1.vhd         ;         ;
; registradorBooleano.vhd          ; yes             ; User VHDL File  ; C:/DesComp/DesComp/Projeto1/registradorBooleano.vhd    ;         ;
; ULASomaSubvhd.vhd                ; yes             ; User VHDL File  ; C:/DesComp/DesComp/Projeto1/ULASomaSubvhd.vhd          ;         ;
; somaConstante.vhd                ; yes             ; User VHDL File  ; C:/DesComp/DesComp/Projeto1/somaConstante.vhd          ;         ;
; CPU.vhd                          ; yes             ; User VHDL File  ; C:/DesComp/DesComp/Projeto1/CPU.vhd                    ;         ;
; decoder3x8.vhdl                  ; yes             ; User VHDL File  ; C:/DesComp/DesComp/Projeto1/decoder3x8.vhdl            ;         ;
; buffer_3_state_8portas.vhd       ; yes             ; User VHDL File  ; C:/DesComp/DesComp/Projeto1/buffer_3_state_8portas.vhd ;         ;
; conversorHex7Seg.vhd             ; yes             ; User VHDL File  ; C:/DesComp/DesComp/Projeto1/conversorHex7Seg.vhd       ;         ;
; registradorGenerico.vhd          ; yes             ; User VHDL File  ; C:/DesComp/DesComp/Projeto1/registradorGenerico.vhd    ;         ;
; buffer_3_state_1porta.vhd        ; yes             ; User VHDL File  ; C:/DesComp/DesComp/Projeto1/buffer_3_state_1porta.vhd  ;         ;
; divisorGenerico.vhd              ; yes             ; User VHDL File  ; C:/DesComp/DesComp/Projeto1/divisorGenerico.vhd        ;         ;
; logicLEDS.vhd                    ; yes             ; User VHDL File  ; C:/DesComp/DesComp/Projeto1/logicLEDS.vhd              ;         ;
; logicSW.vhd                      ; yes             ; User VHDL File  ; C:/DesComp/DesComp/Projeto1/logicSW.vhd                ;         ;
; logicDisplays.vhd                ; yes             ; User VHDL File  ; C:/DesComp/DesComp/Projeto1/logicDisplays.vhd          ;         ;
; logicKeys.vhd                    ; yes             ; User VHDL File  ; C:/DesComp/DesComp/Projeto1/logicKeys.vhd              ;         ;
+----------------------------------+-----------------+-----------------+--------------------------------------------------------+---------+


+----------------------------------------------------------------------------+
; Analysis & Synthesis Resource Usage Summary                                ;
+---------------------------------------------+------------------------------+
; Resource                                    ; Usage                        ;
+---------------------------------------------+------------------------------+
; Estimate of Logic utilization (ALMs needed) ; 476                          ;
;                                             ;                              ;
; Combinational ALUT usage for logic          ; 500                          ;
;     -- 7 input functions                    ; 6                            ;
;     -- 6 input functions                    ; 279                          ;
;     -- 5 input functions                    ; 35                           ;
;     -- 4 input functions                    ; 69                           ;
;     -- <=3 input functions                  ; 111                          ;
;                                             ;                              ;
; Dedicated logic registers                   ; 590                          ;
;                                             ;                              ;
; I/O pins                                    ; 110                          ;
;                                             ;                              ;
; Total DSP Blocks                            ; 0                            ;
;                                             ;                              ;
; Maximum fan-out node                        ; divisorGenerico:divisor|tick ;
; Maximum fan-out                             ; 574                          ;
; Total fan-out                               ; 4386                         ;
; Average fan-out                             ; 3.35                         ;
+---------------------------------------------+------------------------------+


+---------------------------------------------------------------------------------------------------------------------------------------------------------------------------------------------------------------------------------------------------+
; Analysis & Synthesis Resource Utilization by Entity                                                                                                                                                                                               ;
+----------------------------------------+---------------------+---------------------------+-------------------+------------+------+--------------+------------------------------------------------------------+---------------------+--------------+
; Compilation Hierarchy Node             ; Combinational ALUTs ; Dedicated Logic Registers ; Block Memory Bits ; DSP Blocks ; Pins ; Virtual Pins ; Full Hierarchy Name                                        ; Entity Name         ; Library Name ;
+----------------------------------------+---------------------+---------------------------+-------------------+------------+------+--------------+------------------------------------------------------------+---------------------+--------------+
; |Aula7                                 ; 500 (12)            ; 590 (0)                   ; 0                 ; 0          ; 110  ; 0            ; |Aula7                                                     ; Aula7               ; work         ;
;    |CPU:CPU|                           ; 75 (0)              ; 27 (0)                    ; 0                 ; 0          ; 0    ; 0            ; |Aula7|CPU:CPU                                             ; CPU                 ; work         ;
;       |ULASomaSub:ULA1|                ; 25 (25)             ; 0 (0)                     ; 0                 ; 0          ; 0    ; 0            ; |Aula7|CPU:CPU|ULASomaSub:ULA1                             ; ULASomaSub          ; work         ;
;       |decoderInstru:DECODER|          ; 9 (9)               ; 0 (0)                     ; 0                 ; 0          ; 0    ; 0            ; |Aula7|CPU:CPU|decoderInstru:DECODER                       ; decoderInstru       ; work         ;
;       |logicDesvio:logicaDesvio|       ; 1 (1)               ; 0 (0)                     ; 0                 ; 0          ; 0    ; 0            ; |Aula7|CPU:CPU|logicDesvio:logicaDesvio                    ; logicDesvio         ; work         ;
;       |muxGenerico2x1:MUX1|            ; 17 (17)             ; 0 (0)                     ; 0                 ; 0          ; 0    ; 0            ; |Aula7|CPU:CPU|muxGenerico2x1:MUX1                         ; muxGenerico2x1      ; work         ;
;       |muxGenerico4x1:MUX2|            ; 9 (9)               ; 0 (0)                     ; 0                 ; 0          ; 0    ; 0            ; |Aula7|CPU:CPU|muxGenerico4x1:MUX2                         ; muxGenerico4x1      ; work         ;
;       |registradorBooleano:REGFlag|    ; 5 (5)               ; 1 (1)                     ; 0                 ; 0          ; 0    ; 0            ; |Aula7|CPU:CPU|registradorBooleano:REGFlag                 ; registradorBooleano ; work         ;
;       |registradorGenerico:PC|         ; 0 (0)               ; 9 (9)                     ; 0                 ; 0          ; 0    ; 0            ; |Aula7|CPU:CPU|registradorGenerico:PC                      ; registradorGenerico ; work         ;
;       |registradorGenerico:REGA|       ; 0 (0)               ; 8 (8)                     ; 0                 ; 0          ; 0    ; 0            ; |Aula7|CPU:CPU|registradorGenerico:REGA                    ; registradorGenerico ; work         ;
;       |registradorGenerico:REGRetorno| ; 0 (0)               ; 9 (9)                     ; 0                 ; 0          ; 0    ; 0            ; |Aula7|CPU:CPU|registradorGenerico:REGRetorno              ; registradorGenerico ; work         ;
;       |somaConstante:incrementaPC|     ; 9 (9)               ; 0 (0)                     ; 0                 ; 0          ; 0    ; 0            ; |Aula7|CPU:CPU|somaConstante:incrementaPC                  ; somaConstante       ; work         ;
;    |divisorGenerico:divisor|           ; 21 (21)             ; 17 (17)                   ; 0                 ; 0          ; 0    ; 0            ; |Aula7|divisorGenerico:divisor                             ; divisorGenerico     ; work         ;
;    |logicDisplays:DISPLAYS|            ; 42 (0)              ; 24 (0)                    ; 0                 ; 0          ; 0    ; 0            ; |Aula7|logicDisplays:DISPLAYS                              ; logicDisplays       ; work         ;
;       |conversorHex7Seg:CONV_HEX0|     ; 7 (7)               ; 0 (0)                     ; 0                 ; 0          ; 0    ; 0            ; |Aula7|logicDisplays:DISPLAYS|conversorHex7Seg:CONV_HEX0   ; conversorHex7Seg    ; work         ;
;       |conversorHex7Seg:CONV_HEX1|     ; 7 (7)               ; 0 (0)                     ; 0                 ; 0          ; 0    ; 0            ; |Aula7|logicDisplays:DISPLAYS|conversorHex7Seg:CONV_HEX1   ; conversorHex7Seg    ; work         ;
;       |conversorHex7Seg:CONV_HEX2|     ; 7 (7)               ; 0 (0)                     ; 0                 ; 0          ; 0    ; 0            ; |Aula7|logicDisplays:DISPLAYS|conversorHex7Seg:CONV_HEX2   ; conversorHex7Seg    ; work         ;
;       |conversorHex7Seg:CONV_HEX3|     ; 7 (7)               ; 0 (0)                     ; 0                 ; 0          ; 0    ; 0            ; |Aula7|logicDisplays:DISPLAYS|conversorHex7Seg:CONV_HEX3   ; conversorHex7Seg    ; work         ;
;       |conversorHex7Seg:CONV_HEX4|     ; 7 (7)               ; 0 (0)                     ; 0                 ; 0          ; 0    ; 0            ; |Aula7|logicDisplays:DISPLAYS|conversorHex7Seg:CONV_HEX4   ; conversorHex7Seg    ; work         ;
;       |conversorHex7Seg:CONV_HEX5|     ; 7 (7)               ; 0 (0)                     ; 0                 ; 0          ; 0    ; 0            ; |Aula7|logicDisplays:DISPLAYS|conversorHex7Seg:CONV_HEX5   ; conversorHex7Seg    ; work         ;
;       |registradorGenerico:REG_HEX0|   ; 0 (0)               ; 4 (4)                     ; 0                 ; 0          ; 0    ; 0            ; |Aula7|logicDisplays:DISPLAYS|registradorGenerico:REG_HEX0 ; registradorGenerico ; work         ;
;       |registradorGenerico:REG_HEX1|   ; 0 (0)               ; 4 (4)                     ; 0                 ; 0          ; 0    ; 0            ; |Aula7|logicDisplays:DISPLAYS|registradorGenerico:REG_HEX1 ; registradorGenerico ; work         ;
;       |registradorGenerico:REG_HEX2|   ; 0 (0)               ; 4 (4)                     ; 0                 ; 0          ; 0    ; 0            ; |Aula7|logicDisplays:DISPLAYS|registradorGenerico:REG_HEX2 ; registradorGenerico ; work         ;
;       |registradorGenerico:REG_HEX3|   ; 0 (0)               ; 4 (4)                     ; 0                 ; 0          ; 0    ; 0            ; |Aula7|logicDisplays:DISPLAYS|registradorGenerico:REG_HEX3 ; registradorGenerico ; work         ;
;       |registradorGenerico:REG_HEX4|   ; 0 (0)               ; 4 (4)                     ; 0                 ; 0          ; 0    ; 0            ; |Aula7|logicDisplays:DISPLAYS|registradorGenerico:REG_HEX4 ; registradorGenerico ; work         ;
;       |registradorGenerico:REG_HEX5|   ; 0 (0)               ; 4 (4)                     ; 0                 ; 0          ; 0    ; 0            ; |Aula7|logicDisplays:DISPLAYS|registradorGenerico:REG_HEX5 ; registradorGenerico ; work         ;
;    |logicLEDS:LEDS|                    ; 2 (0)               ; 10 (0)                    ; 0                 ; 0          ; 0    ; 0            ; |Aula7|logicLEDS:LEDS                                      ; logicLEDS           ; work         ;
;       |registradorBooleano:LEDR8|      ; 1 (1)               ; 1 (1)                     ; 0                 ; 0          ; 0    ; 0            ; |Aula7|logicLEDS:LEDS|registradorBooleano:LEDR8            ; registradorBooleano ; work         ;
;       |registradorBooleano:LEDR9|      ; 1 (1)               ; 1 (1)                     ; 0                 ; 0          ; 0    ; 0            ; |Aula7|logicLEDS:LEDS|registradorBooleano:LEDR9            ; registradorBooleano ; work         ;
;       |registradorGenerico:LED_COMBO|  ; 0 (0)               ; 8 (8)                     ; 0                 ; 0          ; 0    ; 0            ; |Aula7|logicLEDS:LEDS|registradorGenerico:LED_COMBO        ; registradorGenerico ; work         ;
;    |memoriaRAM:RAM|                    ; 298 (298)           ; 512 (512)                 ; 0                 ; 0          ; 0    ; 0            ; |Aula7|memoriaRAM:RAM                                      ; memoriaRAM          ; work         ;
;    |memoriaROM:ROM1|                   ; 50 (50)             ; 0 (0)                     ; 0                 ; 0          ; 0    ; 0            ; |Aula7|memoriaROM:ROM1                                     ; memoriaROM          ; work         ;
+----------------------------------------+---------------------+---------------------------+-------------------+------------+------+--------------+------------------------------------------------------------+---------------------+--------------+
Note: For table entries with two numbers listed, the numbers in parentheses indicate the number of resources of the given type used by the specific entity alone. The numbers listed outside of parentheses indicate the total resources of the given type used by the specific entity and all of its sub-entities in the hierarchy.


+------------------------------------------------------+
; General Register Statistics                          ;
+----------------------------------------------+-------+
; Statistic                                    ; Value ;
+----------------------------------------------+-------+
; Total registers                              ; 590   ;
; Number of registers using Synchronous Clear  ; 16    ;
; Number of registers using Synchronous Load   ; 8     ;
; Number of registers using Asynchronous Clear ; 0     ;
; Number of registers using Asynchronous Load  ; 0     ;
; Number of registers using Clock Enable       ; 561   ;
; Number of registers using Preset             ; 0     ;
+----------------------------------------------+-------+


+---------------------------------------------------------------------------------------------------------------------------------------------------------------+
; Multiplexer Restructuring Statistics (Restructuring Performed)                                                                                                ;
+--------------------+-----------+---------------+----------------------+------------------------+------------+-------------------------------------------------+
; Multiplexer Inputs ; Bus Width ; Baseline Area ; Area if Restructured ; Saving if Restructured ; Registered ; Example Multiplexer Output                      ;
+--------------------+-----------+---------------+----------------------+------------------------+------------+-------------------------------------------------+
; 3:1                ; 9 bits    ; 18 LEs        ; 18 LEs               ; 0 LEs                  ; Yes        ; |Aula7|CPU:CPU|registradorGenerico:PC|DOUT[8]   ;
; 3:1                ; 2 bits    ; 4 LEs         ; 4 LEs                ; 0 LEs                  ; No         ; |Aula7|CPU:CPU|decoderInstru:DECODER|saida[4]   ;
; 3:1                ; 8 bits    ; 16 LEs        ; 16 LEs               ; 0 LEs                  ; No         ; |Aula7|CPU:CPU|muxGenerico2x1:MUX1|saida_MUX[4] ;
; 3:1                ; 8 bits    ; 16 LEs        ; 16 LEs               ; 0 LEs                  ; No         ; |Aula7|CPU:CPU|ULASomaSub:ULA1|saida[1]         ;
; 5:1                ; 2 bits    ; 6 LEs         ; 6 LEs                ; 0 LEs                  ; No         ; |Aula7|CPU:CPU|decoderInstru:DECODER|saida[5]   ;
+--------------------+-----------+---------------+----------------------+------------------------+------------+-------------------------------------------------+


+-----------------------------------------------------------------------+
; Parameter Settings for User Entity Instance: Top-level Entity: |Aula7 ;
+------------------+-------+--------------------------------------------+
; Parameter Name   ; Value ; Type                                       ;
+------------------+-------+--------------------------------------------+
; larguraDados     ; 8     ; Signed Integer                             ;
; larguraEnderecos ; 8     ; Signed Integer                             ;
; simulacao        ; false ; Enumerated                                 ;
+------------------+-------+--------------------------------------------+
Note: In order to hide this table in the UI and the text report file, please set the "Show Parameter Settings in Synthesis Report" option in "Analysis and Synthesis Settings -> More Settings" to "Off".


+----------------------------------------------------------------------+
; Parameter Settings for User Entity Instance: divisorGenerico:divisor ;
+----------------+-------+---------------------------------------------+
; Parameter Name ; Value ; Type                                        ;
+----------------+-------+---------------------------------------------+
; divisor        ; 50000 ; Signed Integer                              ;
+----------------+-------+---------------------------------------------+
Note: In order to hide this table in the UI and the text report file, please set the "Show Parameter Settings in Synthesis Report" option in "Analysis and Synthesis Settings -> More Settings" to "Off".


+------------------------------------------------------+
; Parameter Settings for User Entity Instance: CPU:CPU ;
+------------------+-------+---------------------------+
; Parameter Name   ; Value ; Type                      ;
+------------------+-------+---------------------------+
; larguradados     ; 8     ; Signed Integer            ;
; larguraenderecos ; 8     ; Signed Integer            ;
; simulacao        ; false ; Enumerated                ;
+------------------+-------+---------------------------+
Note: In order to hide this table in the UI and the text report file, please set the "Show Parameter Settings in Synthesis Report" option in "Analysis and Synthesis Settings -> More Settings" to "Off".


+--------------------------------------------------------------------------+
; Parameter Settings for User Entity Instance: CPU:CPU|muxGenerico2x1:MUX1 ;
+----------------+-------+-------------------------------------------------+
; Parameter Name ; Value ; Type                                            ;
+----------------+-------+-------------------------------------------------+
; larguradados   ; 8     ; Signed Integer                                  ;
+----------------+-------+-------------------------------------------------+
Note: In order to hide this table in the UI and the text report file, please set the "Show Parameter Settings in Synthesis Report" option in "Analysis and Synthesis Settings -> More Settings" to "Off".


+--------------------------------------------------------------------------+
; Parameter Settings for User Entity Instance: CPU:CPU|muxGenerico4x1:MUX2 ;
+----------------+-------+-------------------------------------------------+
; Parameter Name ; Value ; Type                                            ;
+----------------+-------+-------------------------------------------------+
; larguradados   ; 9     ; Signed Integer                                  ;
+----------------+-------+-------------------------------------------------+
Note: In order to hide this table in the UI and the text report file, please set the "Show Parameter Settings in Synthesis Report" option in "Analysis and Synthesis Settings -> More Settings" to "Off".


+-------------------------------------------------------------------------------+
; Parameter Settings for User Entity Instance: CPU:CPU|registradorGenerico:REGA ;
+----------------+-------+------------------------------------------------------+
; Parameter Name ; Value ; Type                                                 ;
+----------------+-------+------------------------------------------------------+
; larguradados   ; 8     ; Signed Integer                                       ;
+----------------+-------+------------------------------------------------------+
Note: In order to hide this table in the UI and the text report file, please set the "Show Parameter Settings in Synthesis Report" option in "Analysis and Synthesis Settings -> More Settings" to "Off".


+-------------------------------------------------------------------------------------+
; Parameter Settings for User Entity Instance: CPU:CPU|registradorGenerico:REGRetorno ;
+----------------+-------+------------------------------------------------------------+
; Parameter Name ; Value ; Type                                                       ;
+----------------+-------+------------------------------------------------------------+
; larguradados   ; 9     ; Signed Integer                                             ;
+----------------+-------+------------------------------------------------------------+
Note: In order to hide this table in the UI and the text report file, please set the "Show Parameter Settings in Synthesis Report" option in "Analysis and Synthesis Settings -> More Settings" to "Off".


+----------------------------------------------------------------------------------+
; Parameter Settings for User Entity Instance: CPU:CPU|registradorBooleano:REGFlag ;
+----------------+-------+---------------------------------------------------------+
; Parameter Name ; Value ; Type                                                    ;
+----------------+-------+---------------------------------------------------------+
; larguradados   ; 1     ; Signed Integer                                          ;
+----------------+-------+---------------------------------------------------------+
Note: In order to hide this table in the UI and the text report file, please set the "Show Parameter Settings in Synthesis Report" option in "Analysis and Synthesis Settings -> More Settings" to "Off".


+-----------------------------------------------------------------------------+
; Parameter Settings for User Entity Instance: CPU:CPU|registradorGenerico:PC ;
+----------------+-------+----------------------------------------------------+
; Parameter Name ; Value ; Type                                               ;
+----------------+-------+----------------------------------------------------+
; larguradados   ; 9     ; Signed Integer                                     ;
+----------------+-------+----------------------------------------------------+
Note: In order to hide this table in the UI and the text report file, please set the "Show Parameter Settings in Synthesis Report" option in "Analysis and Synthesis Settings -> More Settings" to "Off".


+---------------------------------------------------------------------------------+
; Parameter Settings for User Entity Instance: CPU:CPU|somaConstante:incrementaPC ;
+----------------+-------+--------------------------------------------------------+
; Parameter Name ; Value ; Type                                                   ;
+----------------+-------+--------------------------------------------------------+
; larguradados   ; 9     ; Signed Integer                                         ;
; constante      ; 1     ; Signed Integer                                         ;
+----------------+-------+--------------------------------------------------------+
Note: In order to hide this table in the UI and the text report file, please set the "Show Parameter Settings in Synthesis Report" option in "Analysis and Synthesis Settings -> More Settings" to "Off".


+-------------------------------------------------------------------------------+
; Parameter Settings for User Entity Instance: CPU:CPU|logicDesvio:logicaDesvio ;
+----------------+-------+------------------------------------------------------+
; Parameter Name ; Value ; Type                                                 ;
+----------------+-------+------------------------------------------------------+
; larguradados   ; 8     ; Signed Integer                                       ;
+----------------+-------+------------------------------------------------------+
Note: In order to hide this table in the UI and the text report file, please set the "Show Parameter Settings in Synthesis Report" option in "Analysis and Synthesis Settings -> More Settings" to "Off".


+----------------------------------------------------------------------+
; Parameter Settings for User Entity Instance: CPU:CPU|ULASomaSub:ULA1 ;
+----------------+-------+---------------------------------------------+
; Parameter Name ; Value ; Type                                        ;
+----------------+-------+---------------------------------------------+
; larguradados   ; 8     ; Signed Integer                              ;
+----------------+-------+---------------------------------------------+
Note: In order to hide this table in the UI and the text report file, please set the "Show Parameter Settings in Synthesis Report" option in "Analysis and Synthesis Settings -> More Settings" to "Off".


+-------------------------------------------------------------+
; Parameter Settings for User Entity Instance: memoriaRAM:RAM ;
+----------------+-------+------------------------------------+
; Parameter Name ; Value ; Type                               ;
+----------------+-------+------------------------------------+
; datawidth      ; 8     ; Signed Integer                     ;
; addrwidth      ; 6     ; Signed Integer                     ;
+----------------+-------+------------------------------------+
Note: In order to hide this table in the UI and the text report file, please set the "Show Parameter Settings in Synthesis Report" option in "Analysis and Synthesis Settings -> More Settings" to "Off".


+--------------------------------------------------------------+
; Parameter Settings for User Entity Instance: memoriaROM:ROM1 ;
+----------------+-------+-------------------------------------+
; Parameter Name ; Value ; Type                                ;
+----------------+-------+-------------------------------------+
; datawidth      ; 13    ; Signed Integer                      ;
; addrwidth      ; 9     ; Signed Integer                      ;
+----------------+-------+-------------------------------------+
Note: In order to hide this table in the UI and the text report file, please set the "Show Parameter Settings in Synthesis Report" option in "Analysis and Synthesis Settings -> More Settings" to "Off".


+-------------------------------------------------------------+
; Parameter Settings for User Entity Instance: logicLEDS:LEDS ;
+----------------+-------+------------------------------------+
; Parameter Name ; Value ; Type                               ;
+----------------+-------+------------------------------------+
; larguradados   ; 8     ; Signed Integer                     ;
+----------------+-------+------------------------------------+
Note: In order to hide this table in the UI and the text report file, please set the "Show Parameter Settings in Synthesis Report" option in "Analysis and Synthesis Settings -> More Settings" to "Off".


+-------------------------------------------------------------------------------------------+
; Parameter Settings for User Entity Instance: logicLEDS:LEDS|registradorGenerico:LED_COMBO ;
+----------------+-------+------------------------------------------------------------------+
; Parameter Name ; Value ; Type                                                             ;
+----------------+-------+------------------------------------------------------------------+
; larguradados   ; 8     ; Signed Integer                                                   ;
+----------------+-------+------------------------------------------------------------------+
Note: In order to hide this table in the UI and the text report file, please set the "Show Parameter Settings in Synthesis Report" option in "Analysis and Synthesis Settings -> More Settings" to "Off".


+---------------------------------------------------------------------------------------+
; Parameter Settings for User Entity Instance: logicLEDS:LEDS|registradorBooleano:LEDR8 ;
+----------------+-------+--------------------------------------------------------------+
; Parameter Name ; Value ; Type                                                         ;
+----------------+-------+--------------------------------------------------------------+
; larguradados   ; 1     ; Signed Integer                                               ;
+----------------+-------+--------------------------------------------------------------+
Note: In order to hide this table in the UI and the text report file, please set the "Show Parameter Settings in Synthesis Report" option in "Analysis and Synthesis Settings -> More Settings" to "Off".


+---------------------------------------------------------------------------------------+
; Parameter Settings for User Entity Instance: logicLEDS:LEDS|registradorBooleano:LEDR9 ;
+----------------+-------+--------------------------------------------------------------+
; Parameter Name ; Value ; Type                                                         ;
+----------------+-------+--------------------------------------------------------------+
; larguradados   ; 1     ; Signed Integer                                               ;
+----------------+-------+--------------------------------------------------------------+
Note: In order to hide this table in the UI and the text report file, please set the "Show Parameter Settings in Synthesis Report" option in "Analysis and Synthesis Settings -> More Settings" to "Off".


+----------------------------------------------------------+
; Parameter Settings for User Entity Instance: logicSW:SWS ;
+----------------+-------+---------------------------------+
; Parameter Name ; Value ; Type                            ;
+----------------+-------+---------------------------------+
; larguradados   ; 8     ; Signed Integer                  ;
+----------------+-------+---------------------------------+
Note: In order to hide this table in the UI and the text report file, please set the "Show Parameter Settings in Synthesis Report" option in "Analysis and Synthesis Settings -> More Settings" to "Off".


+---------------------------------------------------------------------+
; Parameter Settings for User Entity Instance: logicDisplays:DISPLAYS ;
+----------------+-------+--------------------------------------------+
; Parameter Name ; Value ; Type                                       ;
+----------------+-------+--------------------------------------------+
; larguradados   ; 8     ; Signed Integer                             ;
+----------------+-------+--------------------------------------------+
Note: In order to hide this table in the UI and the text report file, please set the "Show Parameter Settings in Synthesis Report" option in "Analysis and Synthesis Settings -> More Settings" to "Off".


+--------------------------------------------------------------------------------------------------+
; Parameter Settings for User Entity Instance: logicDisplays:DISPLAYS|registradorGenerico:REG_HEX0 ;
+----------------+-------+-------------------------------------------------------------------------+
; Parameter Name ; Value ; Type                                                                    ;
+----------------+-------+-------------------------------------------------------------------------+
; larguradados   ; 4     ; Signed Integer                                                          ;
+----------------+-------+-------------------------------------------------------------------------+
Note: In order to hide this table in the UI and the text report file, please set the "Show Parameter Settings in Synthesis Report" option in "Analysis and Synthesis Settings -> More Settings" to "Off".


+--------------------------------------------------------------------------------------------------+
; Parameter Settings for User Entity Instance: logicDisplays:DISPLAYS|registradorGenerico:REG_HEX1 ;
+----------------+-------+-------------------------------------------------------------------------+
; Parameter Name ; Value ; Type                                                                    ;
+----------------+-------+-------------------------------------------------------------------------+
; larguradados   ; 4     ; Signed Integer                                                          ;
+----------------+-------+-------------------------------------------------------------------------+
Note: In order to hide this table in the UI and the text report file, please set the "Show Parameter Settings in Synthesis Report" option in "Analysis and Synthesis Settings -> More Settings" to "Off".


+--------------------------------------------------------------------------------------------------+
; Parameter Settings for User Entity Instance: logicDisplays:DISPLAYS|registradorGenerico:REG_HEX2 ;
+----------------+-------+-------------------------------------------------------------------------+
; Parameter Name ; Value ; Type                                                                    ;
+----------------+-------+-------------------------------------------------------------------------+
; larguradados   ; 4     ; Signed Integer                                                          ;
+----------------+-------+-------------------------------------------------------------------------+
Note: In order to hide this table in the UI and the text report file, please set the "Show Parameter Settings in Synthesis Report" option in "Analysis and Synthesis Settings -> More Settings" to "Off".


+--------------------------------------------------------------------------------------------------+
; Parameter Settings for User Entity Instance: logicDisplays:DISPLAYS|registradorGenerico:REG_HEX3 ;
+----------------+-------+-------------------------------------------------------------------------+
; Parameter Name ; Value ; Type                                                                    ;
+----------------+-------+-------------------------------------------------------------------------+
; larguradados   ; 4     ; Signed Integer                                                          ;
+----------------+-------+-------------------------------------------------------------------------+
Note: In order to hide this table in the UI and the text report file, please set the "Show Parameter Settings in Synthesis Report" option in "Analysis and Synthesis Settings -> More Settings" to "Off".


+--------------------------------------------------------------------------------------------------+
; Parameter Settings for User Entity Instance: logicDisplays:DISPLAYS|registradorGenerico:REG_HEX4 ;
+----------------+-------+-------------------------------------------------------------------------+
; Parameter Name ; Value ; Type                                                                    ;
+----------------+-------+-------------------------------------------------------------------------+
; larguradados   ; 4     ; Signed Integer                                                          ;
+----------------+-------+-------------------------------------------------------------------------+
Note: In order to hide this table in the UI and the text report file, please set the "Show Parameter Settings in Synthesis Report" option in "Analysis and Synthesis Settings -> More Settings" to "Off".


+--------------------------------------------------------------------------------------------------+
; Parameter Settings for User Entity Instance: logicDisplays:DISPLAYS|registradorGenerico:REG_HEX5 ;
+----------------+-------+-------------------------------------------------------------------------+
; Parameter Name ; Value ; Type                                                                    ;
+----------------+-------+-------------------------------------------------------------------------+
; larguradados   ; 4     ; Signed Integer                                                          ;
+----------------+-------+-------------------------------------------------------------------------+
Note: In order to hide this table in the UI and the text report file, please set the "Show Parameter Settings in Synthesis Report" option in "Analysis and Synthesis Settings -> More Settings" to "Off".


+-------------------------------------------------------------+
; Parameter Settings for User Entity Instance: logicKeys:KEYS ;
+----------------+-------+------------------------------------+
; Parameter Name ; Value ; Type                               ;
+----------------+-------+------------------------------------+
; larguradados   ; 8     ; Signed Integer                     ;
+----------------+-------+------------------------------------+
Note: In order to hide this table in the UI and the text report file, please set the "Show Parameter Settings in Synthesis Report" option in "Analysis and Synthesis Settings -> More Settings" to "Off".


+-----------------------------------------------------------------------------------------+
; Parameter Settings for User Entity Instance: logicKeys:KEYS|registradorBooleano:FF_KEY0 ;
+----------------+-------+----------------------------------------------------------------+
; Parameter Name ; Value ; Type                                                           ;
+----------------+-------+----------------------------------------------------------------+
; larguradados   ; 1     ; Signed Integer                                                 ;
+----------------+-------+----------------------------------------------------------------+
Note: In order to hide this table in the UI and the text report file, please set the "Show Parameter Settings in Synthesis Report" option in "Analysis and Synthesis Settings -> More Settings" to "Off".


+-----------------------------------------------------------------------------------------+
; Parameter Settings for User Entity Instance: logicKeys:KEYS|registradorBooleano:FF_KEY1 ;
+----------------+-------+----------------------------------------------------------------+
; Parameter Name ; Value ; Type                                                           ;
+----------------+-------+----------------------------------------------------------------+
; larguradados   ; 1     ; Signed Integer                                                 ;
+----------------+-------+----------------------------------------------------------------+
Note: In order to hide this table in the UI and the text report file, please set the "Show Parameter Settings in Synthesis Report" option in "Analysis and Synthesis Settings -> More Settings" to "Off".


+---------------------------------------------------------------------------------------------+
; Parameter Settings for User Entity Instance: logicKeys:KEYS|registradorBooleano:FF_RST_FPGA ;
+----------------+-------+--------------------------------------------------------------------+
; Parameter Name ; Value ; Type                                                               ;
+----------------+-------+--------------------------------------------------------------------+
; larguradados   ; 1     ; Signed Integer                                                     ;
+----------------+-------+--------------------------------------------------------------------+
Note: In order to hide this table in the UI and the text report file, please set the "Show Parameter Settings in Synthesis Report" option in "Analysis and Synthesis Settings -> More Settings" to "Off".


+----------------------------------------------------------------------------+
; Port Connectivity Checks: "logicKeys:KEYS|registradorBooleano:FF_RST_FPGA" ;
+--------+-------+----------+------------------------------------------------+
; Port   ; Type  ; Severity ; Details                                        ;
+--------+-------+----------+------------------------------------------------+
; din    ; Input ; Info     ; Stuck at VCC                                   ;
; enable ; Input ; Info     ; Stuck at VCC                                   ;
+--------+-------+----------+------------------------------------------------+


+------------------------------------------------------------------------+
; Port Connectivity Checks: "logicKeys:KEYS|registradorBooleano:FF_KEY1" ;
+--------+-------+----------+--------------------------------------------+
; Port   ; Type  ; Severity ; Details                                    ;
+--------+-------+----------+--------------------------------------------+
; din    ; Input ; Info     ; Stuck at VCC                               ;
; enable ; Input ; Info     ; Stuck at VCC                               ;
+--------+-------+----------+--------------------------------------------+


+------------------------------------------------------------------------+
; Port Connectivity Checks: "logicKeys:KEYS|registradorBooleano:FF_KEY0" ;
+--------+-------+----------+--------------------------------------------+
; Port   ; Type  ; Severity ; Details                                    ;
+--------+-------+----------+--------------------------------------------+
; din    ; Input ; Info     ; Stuck at VCC                               ;
; enable ; Input ; Info     ; Stuck at VCC                               ;
+--------+-------+----------+--------------------------------------------+


+-------------------------------------------------------------------------------+
; Port Connectivity Checks: "logicDisplays:DISPLAYS|conversorHex7Seg:CONV_HEX5" ;
+----------+-------+----------+-------------------------------------------------+
; Port     ; Type  ; Severity ; Details                                         ;
+----------+-------+----------+-------------------------------------------------+
; apaga    ; Input ; Info     ; Stuck at GND                                    ;
; negativo ; Input ; Info     ; Stuck at GND                                    ;
; overflow ; Input ; Info     ; Stuck at GND                                    ;
+----------+-------+----------+-------------------------------------------------+


+-------------------------------------------------------------------------------+
; Port Connectivity Checks: "logicDisplays:DISPLAYS|conversorHex7Seg:CONV_HEX4" ;
+----------+-------+----------+-------------------------------------------------+
; Port     ; Type  ; Severity ; Details                                         ;
+----------+-------+----------+-------------------------------------------------+
; apaga    ; Input ; Info     ; Stuck at GND                                    ;
; negativo ; Input ; Info     ; Stuck at GND                                    ;
; overflow ; Input ; Info     ; Stuck at GND                                    ;
+----------+-------+----------+-------------------------------------------------+


+-------------------------------------------------------------------------------+
; Port Connectivity Checks: "logicDisplays:DISPLAYS|conversorHex7Seg:CONV_HEX3" ;
+----------+-------+----------+-------------------------------------------------+
; Port     ; Type  ; Severity ; Details                                         ;
+----------+-------+----------+-------------------------------------------------+
; apaga    ; Input ; Info     ; Stuck at GND                                    ;
; negativo ; Input ; Info     ; Stuck at GND                                    ;
; overflow ; Input ; Info     ; Stuck at GND                                    ;
+----------+-------+----------+-------------------------------------------------+


+-------------------------------------------------------------------------------+
; Port Connectivity Checks: "logicDisplays:DISPLAYS|conversorHex7Seg:CONV_HEX2" ;
+----------+-------+----------+-------------------------------------------------+
; Port     ; Type  ; Severity ; Details                                         ;
+----------+-------+----------+-------------------------------------------------+
; apaga    ; Input ; Info     ; Stuck at GND                                    ;
; negativo ; Input ; Info     ; Stuck at GND                                    ;
; overflow ; Input ; Info     ; Stuck at GND                                    ;
+----------+-------+----------+-------------------------------------------------+


+-------------------------------------------------------------------------------+
; Port Connectivity Checks: "logicDisplays:DISPLAYS|conversorHex7Seg:CONV_HEX1" ;
+----------+-------+----------+-------------------------------------------------+
; Port     ; Type  ; Severity ; Details                                         ;
+----------+-------+----------+-------------------------------------------------+
; apaga    ; Input ; Info     ; Stuck at GND                                    ;
; negativo ; Input ; Info     ; Stuck at GND                                    ;
; overflow ; Input ; Info     ; Stuck at GND                                    ;
+----------+-------+----------+-------------------------------------------------+


+-------------------------------------------------------------------------------+
; Port Connectivity Checks: "logicDisplays:DISPLAYS|conversorHex7Seg:CONV_HEX0" ;
+----------+-------+----------+-------------------------------------------------+
; Port     ; Type  ; Severity ; Details                                         ;
+----------+-------+----------+-------------------------------------------------+
; apaga    ; Input ; Info     ; Stuck at GND                                    ;
; negativo ; Input ; Info     ; Stuck at GND                                    ;
; overflow ; Input ; Info     ; Stuck at GND                                    ;
+----------+-------+----------+-------------------------------------------------+


+---------------------------------------------------------------------------------+
; Port Connectivity Checks: "logicDisplays:DISPLAYS|registradorGenerico:REG_HEX5" ;
+------+-------+----------+-------------------------------------------------------+
; Port ; Type  ; Severity ; Details                                               ;
+------+-------+----------+-------------------------------------------------------+
; rst  ; Input ; Info     ; Stuck at GND                                          ;
+------+-------+----------+-------------------------------------------------------+


+---------------------------------------------------------------------------------+
; Port Connectivity Checks: "logicDisplays:DISPLAYS|registradorGenerico:REG_HEX4" ;
+------+-------+----------+-------------------------------------------------------+
; Port ; Type  ; Severity ; Details                                               ;
+------+-------+----------+-------------------------------------------------------+
; rst  ; Input ; Info     ; Stuck at GND                                          ;
+------+-------+----------+-------------------------------------------------------+


+---------------------------------------------------------------------------------+
; Port Connectivity Checks: "logicDisplays:DISPLAYS|registradorGenerico:REG_HEX3" ;
+------+-------+----------+-------------------------------------------------------+
; Port ; Type  ; Severity ; Details                                               ;
+------+-------+----------+-------------------------------------------------------+
; rst  ; Input ; Info     ; Stuck at GND                                          ;
+------+-------+----------+-------------------------------------------------------+


+---------------------------------------------------------------------------------+
; Port Connectivity Checks: "logicDisplays:DISPLAYS|registradorGenerico:REG_HEX2" ;
+------+-------+----------+-------------------------------------------------------+
; Port ; Type  ; Severity ; Details                                               ;
+------+-------+----------+-------------------------------------------------------+
; rst  ; Input ; Info     ; Stuck at GND                                          ;
+------+-------+----------+-------------------------------------------------------+


+---------------------------------------------------------------------------------+
; Port Connectivity Checks: "logicDisplays:DISPLAYS|registradorGenerico:REG_HEX1" ;
+------+-------+----------+-------------------------------------------------------+
; Port ; Type  ; Severity ; Details                                               ;
+------+-------+----------+-------------------------------------------------------+
; rst  ; Input ; Info     ; Stuck at GND                                          ;
+------+-------+----------+-------------------------------------------------------+


+---------------------------------------------------------------------------------+
; Port Connectivity Checks: "logicDisplays:DISPLAYS|registradorGenerico:REG_HEX0" ;
+------+-------+----------+-------------------------------------------------------+
; Port ; Type  ; Severity ; Details                                               ;
+------+-------+----------+-------------------------------------------------------+
; rst  ; Input ; Info     ; Stuck at GND                                          ;
+------+-------+----------+-------------------------------------------------------+


+-----------------------------------------------------------------------------------------------------------------------+
; Port Connectivity Checks: "logicDisplays:DISPLAYS"                                                                    ;
+-------------+--------+----------+-------------------------------------------------------------------------------------+
; Port        ; Type   ; Severity ; Details                                                                             ;
+-------------+--------+----------+-------------------------------------------------------------------------------------+
; habilitahex ; Output ; Info     ; Connected to dangling logic. Logic that only feeds a dangling port will be removed. ;
+-------------+--------+----------+-------------------------------------------------------------------------------------+


+---------------------------------------------------------------------------------------------------------------------+
; Port Connectivity Checks: "logicSW:SWS"                                                                             ;
+-----------+--------+----------+-------------------------------------------------------------------------------------+
; Port      ; Type   ; Severity ; Details                                                                             ;
+-----------+--------+----------+-------------------------------------------------------------------------------------+
; sw9_saida ; Output ; Info     ; Connected to dangling logic. Logic that only feeds a dangling port will be removed. ;
; sw8_saida ; Output ; Info     ; Connected to dangling logic. Logic that only feeds a dangling port will be removed. ;
+-----------+--------+----------+-------------------------------------------------------------------------------------+


+----------------------------------------------------------------------+
; Port Connectivity Checks: "logicLEDS:LEDS|registradorBooleano:LEDR9" ;
+------+-------+----------+--------------------------------------------+
; Port ; Type  ; Severity ; Details                                    ;
+------+-------+----------+--------------------------------------------+
; rst  ; Input ; Info     ; Stuck at GND                               ;
+------+-------+----------+--------------------------------------------+


+----------------------------------------------------------------------+
; Port Connectivity Checks: "logicLEDS:LEDS|registradorBooleano:LEDR8" ;
+------+-------+----------+--------------------------------------------+
; Port ; Type  ; Severity ; Details                                    ;
+------+-------+----------+--------------------------------------------+
; rst  ; Input ; Info     ; Stuck at GND                               ;
+------+-------+----------+--------------------------------------------+


+--------------------------------------------------------------------------+
; Port Connectivity Checks: "logicLEDS:LEDS|registradorGenerico:LED_COMBO" ;
+------+-------+----------+------------------------------------------------+
; Port ; Type  ; Severity ; Details                                        ;
+------+-------+----------+------------------------------------------------+
; rst  ; Input ; Info     ; Stuck at GND                                   ;
+------+-------+----------+------------------------------------------------+


+-----------------------------------------------------------------------------------------------------------------------+
; Port Connectivity Checks: "decoder3x8:DECODER2"                                                                       ;
+-------------+--------+----------+-------------------------------------------------------------------------------------+
; Port        ; Type   ; Severity ; Details                                                                             ;
+-------------+--------+----------+-------------------------------------------------------------------------------------+
; saida[7..6] ; Output ; Info     ; Connected to dangling logic. Logic that only feeds a dangling port will be removed. ;
+-------------+--------+----------+-------------------------------------------------------------------------------------+


+-----------------------------------------------------------------------------------------------------------------------+
; Port Connectivity Checks: "decoder3x8:DECODER1"                                                                       ;
+-------------+--------+----------+-------------------------------------------------------------------------------------+
; Port        ; Type   ; Severity ; Details                                                                             ;
+-------------+--------+----------+-------------------------------------------------------------------------------------+
; saida[7..6] ; Output ; Info     ; Connected to dangling logic. Logic that only feeds a dangling port will be removed. ;
; saida[3..1] ; Output ; Info     ; Connected to dangling logic. Logic that only feeds a dangling port will be removed. ;
+-------------+--------+----------+-------------------------------------------------------------------------------------+


+------------------------------------------------------------+
; Port Connectivity Checks: "CPU:CPU|registradorGenerico:PC" ;
+--------+-------+----------+--------------------------------+
; Port   ; Type  ; Severity ; Details                        ;
+--------+-------+----------+--------------------------------+
; enable ; Input ; Info     ; Stuck at VCC                   ;
; rst    ; Input ; Info     ; Stuck at GND                   ;
+--------+-------+----------+--------------------------------+


+-----------------------------------------------------------------+
; Port Connectivity Checks: "CPU:CPU|registradorBooleano:REGFlag" ;
+------+-------+----------+---------------------------------------+
; Port ; Type  ; Severity ; Details                               ;
+------+-------+----------+---------------------------------------+
; rst  ; Input ; Info     ; Stuck at GND                          ;
+------+-------+----------+---------------------------------------+


+--------------------------------------------------------------------+
; Port Connectivity Checks: "CPU:CPU|registradorGenerico:REGRetorno" ;
+------+-------+----------+------------------------------------------+
; Port ; Type  ; Severity ; Details                                  ;
+------+-------+----------+------------------------------------------+
; rst  ; Input ; Info     ; Stuck at GND                             ;
+------+-------+----------+------------------------------------------+


+-----------------------------------------------------+
; Post-Synthesis Netlist Statistics for Top Partition ;
+-----------------------+-----------------------------+
; Type                  ; Count                       ;
+-----------------------+-----------------------------+
; arriav_ff             ; 590                         ;
;     ENA               ; 553                         ;
;     ENA SLD           ; 8                           ;
;     SCLR              ; 16                          ;
;     plain             ; 13                          ;
; arriav_lcell_comb     ; 501                         ;
;     arith             ; 34                          ;
;         1 data inputs ; 25                          ;
;         2 data inputs ; 1                           ;
;         4 data inputs ; 8                           ;
;     extend            ; 6                           ;
;         7 data inputs ; 6                           ;
;     normal            ; 461                         ;
;         0 data inputs ; 1                           ;
;         2 data inputs ; 67                          ;
;         3 data inputs ; 18                          ;
;         4 data inputs ; 61                          ;
;         5 data inputs ; 35                          ;
;         6 data inputs ; 279                         ;
; boundary_port         ; 110                         ;
;                       ;                             ;
; Max LUT depth         ; 10.70                       ;
; Average LUT depth     ; 6.82                        ;
+-----------------------+-----------------------------+


+-------------------------------+
; Elapsed Time Per Partition    ;
+----------------+--------------+
; Partition Name ; Elapsed Time ;
+----------------+--------------+
; Top            ; 00:00:01     ;
+----------------+--------------+


+-------------------------------+
; Analysis & Synthesis Messages ;
+-------------------------------+
Info: *******************************************************************
Info: Running Quartus Prime Analysis & Synthesis
    Info: Version 20.1.0 Build 711 06/05/2020 SJ Lite Edition
    Info: Processing started: Wed May 03 11:17:05 2023
Info: Command: quartus_map --read_settings_files=on --write_settings_files=off Aula7 -c Aula7
Info (20030): Parallel compilation is enabled and will use 4 of the 4 processors detected
Info (12021): Found 2 design units, including 1 entities, in source file aula7.vhd
    Info (12022): Found design unit 1: Aula7-arquitetura File: C:/DesComp/DesComp/Projeto1/Aula7.vhd Line: 42
    Info (12023): Found entity 1: Aula7 File: C:/DesComp/DesComp/Projeto1/Aula7.vhd Line: 4
Info (12021): Found 2 design units, including 1 entities, in source file decoderinstru.vhd
    Info (12022): Found design unit 1: decoderInstru-comportamento File: C:/DesComp/DesComp/Projeto1/decoderInstru.vhd Line: 10
    Info (12023): Found entity 1: decoderInstru File: C:/DesComp/DesComp/Projeto1/decoderInstru.vhd Line: 4
Info (12021): Found 2 design units, including 1 entities, in source file muxgenerico2x1.vhd
    Info (12022): Found design unit 1: muxGenerico2x1-comportamento File: C:/DesComp/DesComp/Projeto1/muxGenerico2x1.vhd Line: 15
    Info (12023): Found entity 1: muxGenerico2x1 File: C:/DesComp/DesComp/Projeto1/muxGenerico2x1.vhd Line: 5
Info (12021): Found 2 design units, including 1 entities, in source file memoriarom.vhd
    Info (12022): Found design unit 1: memoriaROM-assincrona File: C:/DesComp/DesComp/Projeto1/memoriaROM.vhd Line: 16
    Info (12023): Found entity 1: memoriaROM File: C:/DesComp/DesComp/Projeto1/memoriaROM.vhd Line: 5
Info (12021): Found 2 design units, including 1 entities, in source file memoriaram.vhd
    Info (12022): Found design unit 1: memoriaRAM-rtl File: C:/DesComp/DesComp/Projeto1/memoriaRAM.vhd Line: 21
    Info (12023): Found entity 1: memoriaRAM File: C:/DesComp/DesComp/Projeto1/memoriaRAM.vhd Line: 5
Info (12021): Found 2 design units, including 1 entities, in source file logicdesvio.vhd
    Info (12022): Found design unit 1: logicDesvio-comportamento File: C:/DesComp/DesComp/Projeto1/logicDesvio.vhd Line: 13
    Info (12023): Found entity 1: logicDesvio File: C:/DesComp/DesComp/Projeto1/logicDesvio.vhd Line: 4
Info (12021): Found 3 design units, including 1 entities, in source file edgedetector.vhd
    Info (12022): Found design unit 1: edgeDetector-bordaSubida File: C:/DesComp/DesComp/Projeto1/edgeDetector.vhd Line: 10
    Info (12022): Found design unit 2: edgeDetector-bordaDescida File: C:/DesComp/DesComp/Projeto1/edgeDetector.vhd Line: 23
    Info (12023): Found entity 1: edgeDetector File: C:/DesComp/DesComp/Projeto1/edgeDetector.vhd Line: 4
Info (12021): Found 2 design units, including 1 entities, in source file muxgenerico4x1.vhd
    Info (12022): Found design unit 1: muxGenerico4x1-comportamento File: C:/DesComp/DesComp/Projeto1/muxGenerico4x1.vhd Line: 14
    Info (12023): Found entity 1: muxGenerico4x1 File: C:/DesComp/DesComp/Projeto1/muxGenerico4x1.vhd Line: 4
Info (12021): Found 2 design units, including 1 entities, in source file registradorbooleano.vhd
    Info (12022): Found design unit 1: registradorBooleano-comportamento File: C:/DesComp/DesComp/Projeto1/registradorBooleano.vhd Line: 15
    Info (12023): Found entity 1: registradorBooleano File: C:/DesComp/DesComp/Projeto1/registradorBooleano.vhd Line: 4
Info (12021): Found 2 design units, including 1 entities, in source file ulasomasubvhd.vhd
    Info (12022): Found design unit 1: ULASomaSub-comportamento File: C:/DesComp/DesComp/Projeto1/ULASomaSubvhd.vhd Line: 16
    Info (12023): Found entity 1: ULASomaSub File: C:/DesComp/DesComp/Projeto1/ULASomaSubvhd.vhd Line: 5
Info (12021): Found 2 design units, including 1 entities, in source file somaconstante.vhd
    Info (12022): Found design unit 1: somaConstante-comportamento File: C:/DesComp/DesComp/Projeto1/somaConstante.vhd Line: 18
    Info (12023): Found entity 1: somaConstante File: C:/DesComp/DesComp/Projeto1/somaConstante.vhd Line: 5
Info (12021): Found 2 design units, including 1 entities, in source file cpu.vhd
    Info (12022): Found design unit 1: CPU-arquitetura File: C:/DesComp/DesComp/Projeto1/CPU.vhd Line: 34
    Info (12023): Found entity 1: CPU File: C:/DesComp/DesComp/Projeto1/CPU.vhd Line: 4
Info (12021): Found 2 design units, including 1 entities, in source file decoder3x8.vhdl
    Info (12022): Found design unit 1: decoder3x8-comportamento File: C:/DesComp/DesComp/Projeto1/decoder3x8.vhdl Line: 10
    Info (12023): Found entity 1: decoder3x8 File: C:/DesComp/DesComp/Projeto1/decoder3x8.vhdl Line: 4
Info (12021): Found 2 design units, including 1 entities, in source file buffer_3_state_8portas.vhd
    Info (12022): Found design unit 1: buffer_3_state_8_portas-comportamento File: C:/DesComp/DesComp/Projeto1/buffer_3_state_8portas.vhd Line: 11
    Info (12023): Found entity 1: buffer_3_state_8_portas File: C:/DesComp/DesComp/Projeto1/buffer_3_state_8portas.vhd Line: 4
Info (12021): Found 2 design units, including 1 entities, in source file conversorhex7seg.vhd
    Info (12022): Found design unit 1: conversorHex7Seg-comportamento File: C:/DesComp/DesComp/Projeto1/conversorHex7Seg.vhd Line: 17
    Info (12023): Found entity 1: conversorHex7Seg File: C:/DesComp/DesComp/Projeto1/conversorHex7Seg.vhd Line: 4
Info (12021): Found 2 design units, including 1 entities, in source file registradorgenerico.vhd
    Info (12022): Found design unit 1: registradorGenerico-comportamento File: C:/DesComp/DesComp/Projeto1/registradorGenerico.vhd Line: 15
    Info (12023): Found entity 1: registradorGenerico File: C:/DesComp/DesComp/Projeto1/registradorGenerico.vhd Line: 4
Info (12021): Found 2 design units, including 1 entities, in source file buffer_3_state_1porta.vhd
    Info (12022): Found design unit 1: buffer_3_state_1porta-comportamento File: C:/DesComp/DesComp/Projeto1/buffer_3_state_1porta.vhd Line: 12
    Info (12023): Found entity 1: buffer_3_state_1porta File: C:/DesComp/DesComp/Projeto1/buffer_3_state_1porta.vhd Line: 4
Info (12021): Found 2 design units, including 1 entities, in source file debouncemem.vhd
    Info (12022): Found design unit 1: debounceMem-comportamento File: C:/DesComp/DesComp/Projeto1/debounceMem.vhd Line: 12
    Info (12023): Found entity 1: debounceMem File: C:/DesComp/DesComp/Projeto1/debounceMem.vhd Line: 4
Info (12021): Found 2 design units, including 1 entities, in source file divisorgenerico.vhd
    Info (12022): Found design unit 1: divisorGenerico-divInteiro File: C:/DesComp/DesComp/Projeto1/divisorGenerico.vhd Line: 15
    Info (12023): Found entity 1: divisorGenerico File: C:/DesComp/DesComp/Projeto1/divisorGenerico.vhd Line: 5
Info (12021): Found 2 design units, including 1 entities, in source file logicleds.vhd
    Info (12022): Found design unit 1: logicLEDS-comportamento File: C:/DesComp/DesComp/Projeto1/logicLEDS.vhd Line: 17
    Info (12023): Found entity 1: logicLEDS File: C:/DesComp/DesComp/Projeto1/logicLEDS.vhd Line: 4
Info (12021): Found 2 design units, including 1 entities, in source file logicsw.vhd
    Info (12022): Found design unit 1: logicSW-comportamento File: C:/DesComp/DesComp/Projeto1/logicSW.vhd Line: 19
    Info (12023): Found entity 1: logicSW File: C:/DesComp/DesComp/Projeto1/logicSW.vhd Line: 4
Info (12021): Found 2 design units, including 1 entities, in source file logicdisplays.vhd
    Info (12022): Found design unit 1: logicDisplays-comportamento File: C:/DesComp/DesComp/Projeto1/logicDisplays.vhd Line: 26
    Info (12023): Found entity 1: logicDisplays File: C:/DesComp/DesComp/Projeto1/logicDisplays.vhd Line: 4
Info (12021): Found 2 design units, including 1 entities, in source file logickeys.vhd
    Info (12022): Found design unit 1: logicKeys-comportamento File: C:/DesComp/DesComp/Projeto1/logicKeys.vhd Line: 22
    Info (12023): Found entity 1: logicKeys File: C:/DesComp/DesComp/Projeto1/logicKeys.vhd Line: 4
Info (12127): Elaborating entity "Aula7" for the top level hierarchy
Warning (10541): VHDL Signal Declaration warning at Aula7.vhd(33): used implicit default value for signal "OUT_HEXTESTE" because signal was never assigned a value or an explicit default value. Use of implicit default value may introduce unintended design optimizations. File: C:/DesComp/DesComp/Projeto1/Aula7.vhd Line: 33
Warning (10036): Verilog HDL or VHDL warning at Aula7.vhd(63): object "Habilita_HEX" assigned a value but never read File: C:/DesComp/DesComp/Projeto1/Aula7.vhd Line: 63
Warning (10036): Verilog HDL or VHDL warning at Aula7.vhd(86): object "SW8_SAIDA" assigned a value but never read File: C:/DesComp/DesComp/Projeto1/Aula7.vhd Line: 86
Warning (10036): Verilog HDL or VHDL warning at Aula7.vhd(87): object "SW9_SAIDA" assigned a value but never read File: C:/DesComp/DesComp/Projeto1/Aula7.vhd Line: 87
Info (12128): Elaborating entity "divisorGenerico" for hierarchy "divisorGenerico:divisor" File: C:/DesComp/DesComp/Projeto1/Aula7.vhd Line: 108
Info (12128): Elaborating entity "CPU" for hierarchy "CPU:CPU" File: C:/DesComp/DesComp/Projeto1/Aula7.vhd Line: 116
Warning (10541): VHDL Signal Declaration warning at CPU.vhd(45): used implicit default value for signal "Reset_A" because signal was never assigned a value or an explicit default value. Use of implicit default value may introduce unintended design optimizations. File: C:/DesComp/DesComp/Projeto1/CPU.vhd Line: 45
Warning (10036): Verilog HDL or VHDL warning at CPU.vhd(55): object "Valor_Imediato" assigned a value but never read File: C:/DesComp/DesComp/Projeto1/CPU.vhd Line: 55
Warning (10541): VHDL Signal Declaration warning at CPU.vhd(64): used implicit default value for signal "empty" because signal was never assigned a value or an explicit default value. Use of implicit default value may introduce unintended design optimizations. File: C:/DesComp/DesComp/Projeto1/CPU.vhd Line: 64
Warning (10036): Verilog HDL or VHDL warning at CPU.vhd(72): object "EnderecoRam" assigned a value but never read File: C:/DesComp/DesComp/Projeto1/CPU.vhd Line: 72
Info (12128): Elaborating entity "muxGenerico2x1" for hierarchy "CPU:CPU|muxGenerico2x1:MUX1" File: C:/DesComp/DesComp/Projeto1/CPU.vhd Line: 77
Info (12128): Elaborating entity "muxGenerico4x1" for hierarchy "CPU:CPU|muxGenerico4x1:MUX2" File: C:/DesComp/DesComp/Projeto1/CPU.vhd Line: 83
Info (12128): Elaborating entity "registradorGenerico" for hierarchy "CPU:CPU|registradorGenerico:REGA" File: C:/DesComp/DesComp/Projeto1/CPU.vhd Line: 93
Info (12128): Elaborating entity "registradorGenerico" for hierarchy "CPU:CPU|registradorGenerico:REGRetorno" File: C:/DesComp/DesComp/Projeto1/CPU.vhd Line: 96
Info (12128): Elaborating entity "registradorBooleano" for hierarchy "CPU:CPU|registradorBooleano:REGFlag" File: C:/DesComp/DesComp/Projeto1/CPU.vhd Line: 99
Info (12128): Elaborating entity "somaConstante" for hierarchy "CPU:CPU|somaConstante:incrementaPC" File: C:/DesComp/DesComp/Projeto1/CPU.vhd Line: 108
Info (12128): Elaborating entity "logicDesvio" for hierarchy "CPU:CPU|logicDesvio:logicaDesvio" File: C:/DesComp/DesComp/Projeto1/CPU.vhd Line: 111
Info (12128): Elaborating entity "ULASomaSub" for hierarchy "CPU:CPU|ULASomaSub:ULA1" File: C:/DesComp/DesComp/Projeto1/CPU.vhd Line: 115
Info (12128): Elaborating entity "decoderInstru" for hierarchy "CPU:CPU|decoderInstru:DECODER" File: C:/DesComp/DesComp/Projeto1/CPU.vhd Line: 120
Info (12128): Elaborating entity "memoriaRAM" for hierarchy "memoriaRAM:RAM" File: C:/DesComp/DesComp/Projeto1/Aula7.vhd Line: 134
Info (12128): Elaborating entity "memoriaROM" for hierarchy "memoriaROM:ROM1" File: C:/DesComp/DesComp/Projeto1/Aula7.vhd Line: 137
Info (12128): Elaborating entity "decoder3x8" for hierarchy "decoder3x8:DECODER1" File: C:/DesComp/DesComp/Projeto1/Aula7.vhd Line: 142
Info (12128): Elaborating entity "logicLEDS" for hierarchy "logicLEDS:LEDS" File: C:/DesComp/DesComp/Projeto1/Aula7.vhd Line: 149
Info (12128): Elaborating entity "logicSW" for hierarchy "logicSW:SWS" File: C:/DesComp/DesComp/Projeto1/Aula7.vhd Line: 156
Info (12128): Elaborating entity "buffer_3_state_8_portas" for hierarchy "logicSW:SWS|buffer_3_state_8_portas:BUFF_SW" File: C:/DesComp/DesComp/Projeto1/logicSW.vhd Line: 22
Info (12128): Elaborating entity "buffer_3_state_1porta" for hierarchy "logicSW:SWS|buffer_3_state_1porta:BUFF_SW8" File: C:/DesComp/DesComp/Projeto1/logicSW.vhd Line: 25
Info (12128): Elaborating entity "logicDisplays" for hierarchy "logicDisplays:DISPLAYS" File: C:/DesComp/DesComp/Projeto1/Aula7.vhd Line: 165
Info (12128): Elaborating entity "registradorGenerico" for hierarchy "logicDisplays:DISPLAYS|registradorGenerico:REG_HEX0" File: C:/DesComp/DesComp/Projeto1/logicDisplays.vhd Line: 36
Info (12128): Elaborating entity "conversorHex7Seg" for hierarchy "logicDisplays:DISPLAYS|conversorHex7Seg:CONV_HEX0" File: C:/DesComp/DesComp/Projeto1/logicDisplays.vhd Line: 55
Info (12128): Elaborating entity "logicKeys" for hierarchy "logicKeys:KEYS" File: C:/DesComp/DesComp/Projeto1/Aula7.vhd Line: 182
Info (12129): Elaborating entity "edgeDetector" using architecture "A:bordasubida" for hierarchy "logicKeys:KEYS|edgeDetector:detectorSub0" File: C:/DesComp/DesComp/Projeto1/logicKeys.vhd Line: 40
Info (276014): Found 1 instances of uninferred RAM logic
    Info (276007): RAM logic "memoriaRAM:RAM|ram" is uninferred due to asynchronous read logic File: C:/DesComp/DesComp/Projeto1/memoriaRAM.vhd Line: 27
Warning (13046): Tri-state node(s) do not directly drive top-level pin(s)
    Warning (13048): Converted tri-state node "LidoRam_CPU[7]" into a selector File: C:/DesComp/DesComp/Projeto1/muxGenerico2x1.vhd Line: 11
    Warning (13048): Converted tri-state node "LidoRam_CPU[6]" into a selector File: C:/DesComp/DesComp/Projeto1/muxGenerico2x1.vhd Line: 11
    Warning (13048): Converted tri-state node "LidoRam_CPU[5]" into a selector File: C:/DesComp/DesComp/Projeto1/muxGenerico2x1.vhd Line: 11
    Warning (13048): Converted tri-state node "LidoRam_CPU[4]" into a selector File: C:/DesComp/DesComp/Projeto1/muxGenerico2x1.vhd Line: 11
    Warning (13048): Converted tri-state node "LidoRam_CPU[3]" into a selector File: C:/DesComp/DesComp/Projeto1/muxGenerico2x1.vhd Line: 11
    Warning (13048): Converted tri-state node "LidoRam_CPU[2]" into a selector File: C:/DesComp/DesComp/Projeto1/muxGenerico2x1.vhd Line: 11
    Warning (13048): Converted tri-state node "LidoRam_CPU[1]" into a selector File: C:/DesComp/DesComp/Projeto1/muxGenerico2x1.vhd Line: 11
    Warning (13048): Converted tri-state node "LidoRam_CPU[0]" into a selector File: C:/DesComp/DesComp/Projeto1/muxGenerico2x1.vhd Line: 11
Warning (13024): Output pins are stuck at VCC or GND
    Warning (13410): Pin "OUT_HEXTESTE[0]" is stuck at GND File: C:/DesComp/DesComp/Projeto1/Aula7.vhd Line: 33
    Warning (13410): Pin "OUT_HEXTESTE[1]" is stuck at GND File: C:/DesComp/DesComp/Projeto1/Aula7.vhd Line: 33
    Warning (13410): Pin "OUT_HEXTESTE[2]" is stuck at GND File: C:/DesComp/DesComp/Projeto1/Aula7.vhd Line: 33
    Warning (13410): Pin "OUT_HEXTESTE[3]" is stuck at GND File: C:/DesComp/DesComp/Projeto1/Aula7.vhd Line: 33
Info (286030): Timing-Driven Synthesis is running
Info (16010): Generating hard_block partition "hard_block:auto_generated_inst"
    Info (16011): Adding 0 node(s), including 0 DDIO, 0 PLL, 0 transceiver and 0 LCELL
Warning (21074): Design contains 7 input pin(s) that do not drive logic
    Warning (15610): No output dependent on input pin "KEY[0]" File: C:/DesComp/DesComp/Projeto1/Aula7.vhd Line: 12
    Warning (15610): No output dependent on input pin "KEY[1]" File: C:/DesComp/DesComp/Projeto1/Aula7.vhd Line: 12
    Warning (15610): No output dependent on input pin "KEY[2]" File: C:/DesComp/DesComp/Projeto1/Aula7.vhd Line: 12
    Warning (15610): No output dependent on input pin "KEY[3]" File: C:/DesComp/DesComp/Projeto1/Aula7.vhd Line: 12
    Warning (15610): No output dependent on input pin "FPGA_RESET_N" File: C:/DesComp/DesComp/Projeto1/Aula7.vhd Line: 13
    Warning (15610): No output dependent on input pin "SW[8]" File: C:/DesComp/DesComp/Projeto1/Aula7.vhd Line: 15
    Warning (15610): No output dependent on input pin "SW[9]" File: C:/DesComp/DesComp/Projeto1/Aula7.vhd Line: 15
Info (21057): Implemented 1171 device resources after synthesis - the final resource count might be different
    Info (21058): Implemented 16 input pins
    Info (21059): Implemented 94 output pins
    Info (21061): Implemented 1061 logic cells
Info: Quartus Prime Analysis & Synthesis was successful. 0 errors, 30 warnings
    Info: Peak virtual memory: 4859 megabytes
    Info: Processing ended: Wed May 03 11:17:15 2023
    Info: Elapsed time: 00:00:10
    Info: Total CPU time (on all processors): 00:00:14


